2026-05-01 09:50:43 | INFO     | photo_segregator | ============================================================
2026-05-01 09:50:43 | INFO     | photo_segregator |   PHOTO SEGREGATOR PIPELINE
2026-05-01 09:50:43 | INFO     | photo_segregator | ============================================================
2026-05-01 09:50:43 | INFO     | photo_segregator | Input:  C:\Users\Shubham\Documents\Sem-VI\Minor\EndTerm\photos
2026-05-01 09:50:43 | INFO     | photo_segregator | Output: C:\Users\Shubham\Documents\Sem-VI\Minor\EndTerm\output
2026-05-01 09:50:43 | INFO     | photo_segregator | Mode:   full
2026-05-01 09:50:43 | INFO     | photo_segregator | 
[1/13] Initializing components...
2026-05-01 09:50:43 | INFO     | photo_segregator | 
[2/13] Discovering images...
2026-05-01 09:50:43 | INFO     | photo_segregator.image_loader | Discovered 9 images in 'C:\Users\Shubham\Documents\Sem-VI\Minor\EndTerm\photos' (recursive=True)
2026-05-01 09:50:43 | INFO     | photo_segregator | 
[3/13] Processing 9 images (detect → align → quality → embed)...
2026-05-01 09:50:50 | INFO     | photo_segregator.face_detector | Available ONNX Runtime providers: ['AzureExecutionProvider', 'CPUExecutionProvider']
2026-05-01 09:50:50 | INFO     | photo_segregator.face_detector | Initializing FaceAnalysis with model_pack='buffalo_l', providers=['CPUExecutionProvider']
2026-05-01 09:51:20 | INFO     | photo_segregator.face_detector | FaceDetector initialized successfully (det_size=(640, 640), det_thresh=0.5)
2026-05-01 09:51:30 | INFO     | photo_segregator.embedding_extractor | EmbeddingExtractor initialized (dim=512)
2026-05-01 09:52:39 | INFO     | photo_segregator | Processed 30 faces (0 skipped)
2026-05-01 09:52:39 | INFO     | photo_segregator | 
[6/13] Saving embedding cache...
2026-05-01 09:52:39 | INFO     | photo_segregator.embedding_cache | Saved 30 embeddings to C:\Users\Shubham\Documents\Sem-VI\Minor\EndTerm\output\_metadata\embeddings.npz
2026-05-01 09:52:39 | INFO     | photo_segregator.embedding_cache | Saved metadata for 30 faces to C:\Users\Shubham\Documents\Sem-VI\Minor\EndTerm\output\_metadata\face_metadata.json
2026-05-01 09:52:39 | INFO     | photo_segregator | 
[7/13] Semi-supervised classification...
2026-05-01 09:52:39 | INFO     | photo_segregator | 
[8/13] UMAP dimensionality reduction...
2026-05-01 09:53:31 | INFO     | photo_segregator.dimensionality_reduction | Fitting UMAP: 512d → 29d (n_neighbors=15, min_dist=0.0, metric=cosine)
2026-05-01 09:54:01 | ERROR    | photo_segregator.dimensionality_reduction | UMAP failed: Cannot use scipy.linalg.eigh for sparse A with k >= N. Use scipy.linalg.eigh(A.toarray()) or reduce k.. Returning original embeddings.
2026-05-01 09:54:01 | INFO     | photo_segregator | 
[9/13] Computing adaptive thresholds...
2026-05-01 09:54:01 | INFO     | photo_segregator.adaptive_threshold | Computing adaptive thresholds from 30 embeddings...
2026-05-01 09:54:01 | INFO     | photo_segregator.adaptive_threshold | === Adaptive Threshold Report ===
2026-05-01 09:54:01 | INFO     | photo_segregator.adaptive_threshold |   Distance statistics:
2026-05-01 09:54:01 | INFO     | photo_segregator.adaptive_threshold |     mean: 0.8164
2026-05-01 09:54:01 | INFO     | photo_segregator.adaptive_threshold |     std: 0.3223
2026-05-01 09:54:01 | INFO     | photo_segregator.adaptive_threshold |     median: 0.9729
2026-05-01 09:54:01 | INFO     | photo_segregator.adaptive_threshold |     min: 0.0159
2026-05-01 09:54:01 | INFO     | photo_segregator.adaptive_threshold |     max: 1.0975
2026-05-01 09:54:01 | INFO     | photo_segregator.adaptive_threshold |     p5: 0.0663
2026-05-01 09:54:01 | INFO     | photo_segregator.adaptive_threshold |     p25: 0.8461
2026-05-01 09:54:01 | INFO     | photo_segregator.adaptive_threshold |     p50: 0.9729
2026-05-01 09:54:01 | INFO     | photo_segregator.adaptive_threshold |     p75: 0.9984
2026-05-01 09:54:01 | INFO     | photo_segregator.adaptive_threshold |     p95: 1.0422
2026-05-01 09:54:01 | INFO     | photo_segregator.adaptive_threshold |     num_pairs: 435
2026-05-01 09:54:01 | INFO     | photo_segregator.adaptive_threshold |   Computed thresholds:
2026-05-01 09:54:01 | INFO     | photo_segregator.adaptive_threshold |     merge_threshold: 0.3329
2026-05-01 09:54:01 | INFO     | photo_segregator.adaptive_threshold |     split_threshold: 0.9984
2026-05-01 09:54:01 | INFO     | photo_segregator.adaptive_threshold |     review_threshold: 0.2033
2026-05-01 09:54:01 | INFO     | photo_segregator.adaptive_threshold |     reassign_threshold: 0.6659
2026-05-01 09:54:01 | INFO     | photo_segregator.adaptive_threshold | =================================
2026-05-01 09:54:01 | INFO     | photo_segregator | 
[10/13] Clustering with HDBSCAN...
2026-05-01 09:54:01 | INFO     | photo_segregator.clustering | Clustering 30 embeddings with HDBSCAN
2026-05-01 09:54:02 | INFO     | photo_segregator.clustering | HDBSCAN result: 9 clusters, 1/30 noise points (3.3%)
2026-05-01 09:54:02 | INFO     | photo_segregator | Clustering: 9 clusters, 1 noise
2026-05-01 09:54:02 | INFO     | photo_segregator | 
[11/13] Refining clusters...
2026-05-01 09:54:02 | INFO     | photo_segregator.cluster_refinement | Starting cluster refinement on 30 faces
2026-05-01 09:54:03 | INFO     | photo_segregator.cluster_refinement |   Merge: 9 → 6 clusters
2026-05-01 09:54:03 | INFO     | photo_segregator.cluster_refinement | Refinement complete: 6 clusters, 3 faces in review queue
2026-05-01 09:54:03 | INFO     | photo_segregator.embedding_cache | Saved 30 embeddings to C:\Users\Shubham\Documents\Sem-VI\Minor\EndTerm\output\_metadata\embeddings.npz
2026-05-01 09:54:03 | INFO     | photo_segregator.embedding_cache | Saved metadata for 30 faces to C:\Users\Shubham\Documents\Sem-VI\Minor\EndTerm\output\_metadata\face_metadata.json
2026-05-01 09:54:03 | INFO     | photo_segregator | 
[12/13] Generating confidence heatmap...
2026-05-01 09:54:09 | INFO     | photo_segregator.confidence_heatmap | Confidence heatmap saved to C:\Users\Shubham\Documents\Sem-VI\Minor\EndTerm\output\_metadata\cluster_heatmap.png
2026-05-01 09:54:09 | INFO     | photo_segregator | 
[13/13] Writing output folders...
2026-05-01 09:54:09 | INFO     | photo_segregator.folder_writer | Writing output to C:\Users\Shubham\Documents\Sem-VI\Minor\EndTerm\output
2026-05-01 09:54:09 | INFO     | photo_segregator.folder_writer | Cluster report saved to C:\Users\Shubham\Documents\Sem-VI\Minor\EndTerm\output\_metadata
2026-05-01 09:54:09 | INFO     | photo_segregator.folder_writer | Output written: 6 person folders, 3 review items
2026-05-01 09:54:09 | INFO     | photo_segregator | 
Results: 6 person folders, 3 review items, 1 unassigned
2026-05-01 09:54:09 | INFO     | photo_segregator | 
============================================================
2026-05-01 09:54:09 | INFO     | photo_segregator |   Pipeline complete in 206.0s
2026-05-01 09:54:09 | INFO     | photo_segregator | ============================================================
